<?xml version="1.0" encoding="UTF-8"?>
<!-- Generated by org.testng.reporters.JUnitReportReporter -->
<testsuite skipped="0" hostname="Shiv" name="test_winium.CalculatorTest" tests="1" failures="0" timestamp="2020-12-14T10:28:56 IST" time="2.288" errors="0">
  <testcase name="AddTest" time="2.288" classname="test_winium.CalculatorTest"/>
  <system-out/>
</testsuite> <!-- test_winium.CalculatorTest -->
