<?xml version="1.0" encoding="UTF-8"?>
<!-- Generated by org.testng.reporters.JUnitReportReporter -->
<testsuite skipped="0" hostname="Shiv" name="test_winium.CalculatorTest" tests="2" failures="0" timestamp="2020-12-17T09:55:46 IST" time="3.764" errors="0">
  <testcase name="vipAccessTest" time="1.341" classname="test_winium.CalculatorTest"/>
  <system-out/>
  <testcase name="AddTest" time="2.423" classname="test_winium.CalculatorTest"/>
  <system-out/>
</testsuite> <!-- test_winium.CalculatorTest -->
